<?xml version="1.0" encoding="UTF-8"?>
<testng-results skipped="0" failed="0" ignored="0" total="23" passed="23">
  <reporter-output>
  </reporter-output>
  <suite name="Default suite" duration-ms="314184" started-at="2017-08-21T12:10:30Z" finished-at="2017-08-21T12:15:44Z">
    <groups>
    </groups>
    <test name="Default test" duration-ms="314184" started-at="2017-08-21T12:10:30Z" finished-at="2017-08-21T12:15:44Z">
      <class name="testCases.TS1_CourseCreation">
        <test-method status="PASS" signature="beforeSuite()[pri:0, instance:testCases.TS1_CourseCreation@4c70fda8]" name="beforeSuite" is-config="true" duration-ms="6" started-at="2017-08-21T17:40:30Z" finished-at="2017-08-21T17:40:30Z">
          <reporter-output>
          </reporter-output>
        </test-method> <!-- beforeSuite -->
        <test-method status="PASS" signature="beforeClass()[pri:0, instance:testCases.TS1_CourseCreation@4c70fda8]" name="beforeClass" is-config="true" duration-ms="1241" started-at="2017-08-21T17:40:30Z" finished-at="2017-08-21T17:40:31Z">
          <reporter-output>
          </reporter-output>
        </test-method> <!-- beforeClass -->
        <test-method status="PASS" signature="testStep1_navigateToAktivLearn()[pri:0, instance:testCases.TS1_CourseCreation@4c70fda8]" name="testStep1_navigateToAktivLearn" duration-ms="4218" started-at="2017-08-21T17:40:31Z" finished-at="2017-08-21T17:40:36Z">
          <reporter-output>
          </reporter-output>
        </test-method> <!-- testStep1_navigateToAktivLearn -->
        <test-method status="PASS" signature="testStep2_clickOnStartPlaying()[pri:5, instance:testCases.TS1_CourseCreation@4c70fda8]" name="testStep2_clickOnStartPlaying" duration-ms="117" started-at="2017-08-21T17:40:36Z" finished-at="2017-08-21T17:40:36Z">
          <reporter-output>
          </reporter-output>
        </test-method> <!-- testStep2_clickOnStartPlaying -->
        <test-method status="PASS" signature="testStep3_logintoAktivLearn()[pri:10, instance:testCases.TS1_CourseCreation@4c70fda8]" name="testStep3_logintoAktivLearn" duration-ms="851" started-at="2017-08-21T17:40:36Z" finished-at="2017-08-21T17:40:37Z">
          <reporter-output>
          </reporter-output>
        </test-method> <!-- testStep3_logintoAktivLearn -->
        <test-method status="PASS" signature="testStep4_clickOnAccount()[pri:15, instance:testCases.TS1_CourseCreation@4c70fda8]" name="testStep4_clickOnAccount" duration-ms="2585" started-at="2017-08-21T17:40:37Z" finished-at="2017-08-21T17:40:39Z">
          <reporter-output>
          </reporter-output>
        </test-method> <!-- testStep4_clickOnAccount -->
        <test-method status="PASS" signature="testStep5_clickOnCourses()[pri:20, instance:testCases.TS1_CourseCreation@4c70fda8]" name="testStep5_clickOnCourses" duration-ms="1136" started-at="2017-08-21T17:40:39Z" finished-at="2017-08-21T17:40:40Z">
          <reporter-output>
          </reporter-output>
        </test-method> <!-- testStep5_clickOnCourses -->
        <test-method status="PASS" signature="testStep6_AddNewCourse()[pri:25, instance:testCases.TS1_CourseCreation@4c70fda8]" name="testStep6_AddNewCourse" duration-ms="12339" started-at="2017-08-21T17:40:40Z" finished-at="2017-08-21T17:40:53Z">
          <reporter-output>
          </reporter-output>
        </test-method> <!-- testStep6_AddNewCourse -->
        <test-method status="PASS" signature="testStep7_CreateNewModule()[pri:30, instance:testCases.TS1_CourseCreation@4c70fda8]" name="testStep7_CreateNewModule" duration-ms="2971" started-at="2017-08-21T17:40:53Z" finished-at="2017-08-21T17:40:56Z">
          <reporter-output>
          </reporter-output>
        </test-method> <!-- testStep7_CreateNewModule -->
        <test-method status="PASS" signature="testStep8_CreateTextHeader_ContentPagesForModule1()[pri:35, instance:testCases.TS1_CourseCreation@4c70fda8]" name="testStep8_CreateTextHeader_ContentPagesForModule1" duration-ms="4029" started-at="2017-08-21T17:40:56Z" finished-at="2017-08-21T17:41:00Z">
          <reporter-output>
          </reporter-output>
        </test-method> <!-- testStep8_CreateTextHeader_ContentPagesForModule1 -->
        <test-method status="PASS" signature="testStep12_CreatePageHTMLForModule1()[pri:36, instance:testCases.TS1_CourseCreation@4c70fda8]" name="testStep12_CreatePageHTMLForModule1" duration-ms="20767" started-at="2017-08-21T17:41:00Z" finished-at="2017-08-21T17:41:20Z">
          <reporter-output>
          </reporter-output>
        </test-method> <!-- testStep12_CreatePageHTMLForModule1 -->
        <test-method status="PASS" signature="testStep_CreatePageVideoForModule1()[pri:37, instance:testCases.TS1_CourseCreation@4c70fda8]" name="testStep_CreatePageVideoForModule1" duration-ms="23844" started-at="2017-08-21T17:41:20Z" finished-at="2017-08-21T17:41:44Z">
          <reporter-output>
          </reporter-output>
        </test-method> <!-- testStep_CreatePageVideoForModule1 -->
        <test-method status="PASS" signature="testStep_CreatePageImageForModule1()[pri:38, instance:testCases.TS1_CourseCreation@4c70fda8]" name="testStep_CreatePageImageForModule1" duration-ms="24960" started-at="2017-08-21T17:41:44Z" finished-at="2017-08-21T17:42:09Z">
          <reporter-output>
          </reporter-output>
        </test-method> <!-- testStep_CreatePageImageForModule1 -->
        <test-method status="PASS" signature="testStep8_CreateTextHeader_QuizzesForModule1()[pri:39, instance:testCases.TS1_CourseCreation@4c70fda8]" name="testStep8_CreateTextHeader_QuizzesForModule1" duration-ms="4106" started-at="2017-08-21T17:42:09Z" finished-at="2017-08-21T17:42:13Z">
          <reporter-output>
          </reporter-output>
        </test-method> <!-- testStep8_CreateTextHeader_QuizzesForModule1 -->
        <test-method status="PASS" signature="testStep9_CreateNormalQuizForModule1()[pri:40, instance:testCases.TS1_CourseCreation@4c70fda8]" name="testStep9_CreateNormalQuizForModule1" duration-ms="24847" started-at="2017-08-21T17:42:13Z" finished-at="2017-08-21T17:42:38Z">
          <reporter-output>
          </reporter-output>
        </test-method> <!-- testStep9_CreateNormalQuizForModule1 -->
        <test-method status="PASS" signature="testStep10_CreateGameQuizForModule1()[pri:41, instance:testCases.TS1_CourseCreation@4c70fda8]" name="testStep10_CreateGameQuizForModule1" duration-ms="26404" started-at="2017-08-21T17:42:38Z" finished-at="2017-08-21T17:43:05Z">
          <reporter-output>
          </reporter-output>
        </test-method> <!-- testStep10_CreateGameQuizForModule1 -->
        <test-method status="PASS" signature="testStep10_CreateTimeQuizForModule1()[pri:42, instance:testCases.TS1_CourseCreation@4c70fda8]" name="testStep10_CreateTimeQuizForModule1" duration-ms="24060" started-at="2017-08-21T17:43:05Z" finished-at="2017-08-21T17:43:29Z">
          <reporter-output>
          </reporter-output>
        </test-method> <!-- testStep10_CreateTimeQuizForModule1 -->
        <test-method status="PASS" signature="testStep_CreateUngradedSurveyQuizForModule1()[pri:43, instance:testCases.TS1_CourseCreation@4c70fda8]" name="testStep_CreateUngradedSurveyQuizForModule1" duration-ms="23989" started-at="2017-08-21T17:43:29Z" finished-at="2017-08-21T17:43:53Z">
          <reporter-output>
          </reporter-output>
        </test-method> <!-- testStep_CreateUngradedSurveyQuizForModule1 -->
        <test-method status="PASS" signature="testStep10_CreateExpiredQuizForModule1()[pri:44, instance:testCases.TS1_CourseCreation@4c70fda8]" name="testStep10_CreateExpiredQuizForModule1" duration-ms="29653" started-at="2017-08-21T17:43:53Z" finished-at="2017-08-21T17:44:22Z">
          <reporter-output>
          </reporter-output>
        </test-method> <!-- testStep10_CreateExpiredQuizForModule1 -->
        <test-method status="PASS" signature="testStep_CreateFutureQuizForModule1()[pri:45, instance:testCases.TS1_CourseCreation@4c70fda8]" name="testStep_CreateFutureQuizForModule1" duration-ms="28804" started-at="2017-08-21T17:44:22Z" finished-at="2017-08-21T17:44:51Z">
          <reporter-output>
          </reporter-output>
        </test-method> <!-- testStep_CreateFutureQuizForModule1 -->
        <test-method status="PASS" signature="testStep9_CreateTextHeaderForModule2()[pri:51, instance:testCases.TS1_CourseCreation@4c70fda8]" name="testStep9_CreateTextHeaderForModule2" duration-ms="4033" started-at="2017-08-21T17:44:51Z" finished-at="2017-08-21T17:44:55Z">
          <reporter-output>
          </reporter-output>
        </test-method> <!-- testStep9_CreateTextHeaderForModule2 -->
        <test-method status="PASS" signature="testStep_ExternalURLtForModule1()[pri:52, instance:testCases.TS1_CourseCreation@4c70fda8]" name="testStep_ExternalURLtForModule1" duration-ms="9761" started-at="2017-08-21T17:44:55Z" finished-at="2017-08-21T17:45:05Z">
          <reporter-output>
          </reporter-output>
        </test-method> <!-- testStep_ExternalURLtForModule1 -->
        <test-method status="PASS" signature="testStep8_CreateAssignmentForModule2()[pri:53, instance:testCases.TS1_CourseCreation@4c70fda8]" name="testStep8_CreateAssignmentForModule2" duration-ms="27358" started-at="2017-08-21T17:45:05Z" finished-at="2017-08-21T17:45:32Z">
          <reporter-output>
          </reporter-output>
        </test-method> <!-- testStep8_CreateAssignmentForModule2 -->
        <test-method status="PASS" signature="testStep11_CreateFileForModule2()[pri:55, instance:testCases.TS1_CourseCreation@4c70fda8]" name="testStep11_CreateFileForModule2" duration-ms="6090" started-at="2017-08-21T17:45:32Z" finished-at="2017-08-21T17:45:38Z">
          <reporter-output>
          </reporter-output>
        </test-method> <!-- testStep11_CreateFileForModule2 -->
        <test-method status="PASS" signature="testStep_CreateDiscussionForModule2()[pri:56, instance:testCases.TS1_CourseCreation@4c70fda8]" name="testStep_CreateDiscussionForModule2" duration-ms="5920" started-at="2017-08-21T17:45:38Z" finished-at="2017-08-21T17:45:44Z">
          <reporter-output>
          </reporter-output>
        </test-method> <!-- testStep_CreateDiscussionForModule2 -->
        <test-method status="PASS" signature="afterClass()[pri:0, instance:testCases.TS1_CourseCreation@4c70fda8]" name="afterClass" is-config="true" duration-ms="0" started-at="2017-08-21T17:45:44Z" finished-at="2017-08-21T17:45:44Z">
          <reporter-output>
          </reporter-output>
        </test-method> <!-- afterClass -->
        <test-method status="PASS" signature="afterSuite()[pri:0, instance:testCases.TS1_CourseCreation@4c70fda8]" name="afterSuite" is-config="true" duration-ms="0" started-at="2017-08-21T17:45:44Z" finished-at="2017-08-21T17:45:44Z">
          <reporter-output>
          </reporter-output>
        </test-method> <!-- afterSuite -->
      </class> <!-- testCases.TS1_CourseCreation -->
    </test> <!-- Default test -->
  </suite> <!-- Default suite -->
</testng-results>
