<?xml version="1.0" encoding="UTF-8"?>
<!-- Generated by org.testng.reporters.JUnitXMLReporter -->
<testsuite hostname="KNOLSKAPE-L102" ignored="0" name="Default test" tests="16" failures="0" timestamp="17 Aug 2017 09:54:47 GMT" time="132.641" errors="0">
  <testcase name="testStep1_navigateToAktivLearn" time="6.341" classname="testCases.TS1_CourseCreation"/>
  <testcase name="testStep2_clickOnStartPlaying" time="0.112" classname="testCases.TS1_CourseCreation"/>
  <testcase name="testStep3_logintoAktivLearn" time="2.514" classname="testCases.TS1_CourseCreation"/>
  <testcase name="testStep4_clickOnAccount" time="1.167" classname="testCases.TS1_CourseCreation"/>
  <testcase name="testStep5_clickOnCourses" time="1.036" classname="testCases.TS1_CourseCreation"/>
  <testcase name="testStep6_AddNewCourse" time="11.879" classname="testCases.TS1_CourseCreation"/>
  <testcase name="testStep7_CreateNewModule" time="2.899" classname="testCases.TS1_CourseCreation"/>
  <testcase name="testStep8_CreateTextHeaderForModule1" time="3.88" classname="testCases.TS1_CourseCreation"/>
  <testcase name="testStep8_CreateAssignmentForModule1" time="24.852" classname="testCases.TS1_CourseCreation"/>
  <testcase name="testStep_ExternalURLtForModule1" time="8.971" classname="testCases.TS1_CourseCreation"/>
  <testcase name="testStep9_CreateQuizForModule1" time="24.17" classname="testCases.TS1_CourseCreation"/>
  <testcase name="testStep9_CreateTextHeaderForModule2" time="3.917" classname="testCases.TS1_CourseCreation"/>
  <testcase name="testStep10_CreateQuizForModule2" time="23.376" classname="testCases.TS1_CourseCreation"/>
  <testcase name="testStep11_CreateFileForModule2" time="5.641" classname="testCases.TS1_CourseCreation"/>
  <testcase name="testStep_CreateDiscussionForModule2" time="5.623" classname="testCases.TS1_CourseCreation"/>
  <testcase name="testStep12_CreatePageForModule2" time="4.99" classname="testCases.TS1_CourseCreation"/>
</testsuite> <!-- Default test -->
