<?xml version="1.0" encoding="UTF-8"?>
<!-- Generated by org.testng.reporters.JUnitReportReporter -->
<testsuite skipped="0" hostname="KNOLSKAPE-L102" name="testCases.TS1_CourseCreation" tests="23" failures="0" timestamp="21 Aug 2017 12:15:44 GMT" time="312.842" errors="0">
  <testcase name="testStep1_navigateToAktivLearn" time="4.218" classname="testCases.TS1_CourseCreation"/>
  <testcase name="testStep2_clickOnStartPlaying" time="0.117" classname="testCases.TS1_CourseCreation"/>
  <testcase name="testStep3_logintoAktivLearn" time="0.851" classname="testCases.TS1_CourseCreation"/>
  <testcase name="testStep4_clickOnAccount" time="2.585" classname="testCases.TS1_CourseCreation"/>
  <testcase name="testStep5_clickOnCourses" time="1.136" classname="testCases.TS1_CourseCreation"/>
  <testcase name="testStep6_AddNewCourse" time="12.339" classname="testCases.TS1_CourseCreation"/>
  <testcase name="testStep7_CreateNewModule" time="2.971" classname="testCases.TS1_CourseCreation"/>
  <testcase name="testStep8_CreateTextHeader_ContentPagesForModule1" time="4.029" classname="testCases.TS1_CourseCreation"/>
  <testcase name="testStep12_CreatePageHTMLForModule1" time="20.767" classname="testCases.TS1_CourseCreation"/>
  <testcase name="testStep_CreatePageVideoForModule1" time="23.844" classname="testCases.TS1_CourseCreation"/>
  <testcase name="testStep_CreatePageImageForModule1" time="24.960" classname="testCases.TS1_CourseCreation"/>
  <testcase name="testStep8_CreateTextHeader_QuizzesForModule1" time="4.106" classname="testCases.TS1_CourseCreation"/>
  <testcase name="testStep9_CreateNormalQuizForModule1" time="24.847" classname="testCases.TS1_CourseCreation"/>
  <testcase name="testStep10_CreateGameQuizForModule1" time="26.404" classname="testCases.TS1_CourseCreation"/>
  <testcase name="testStep10_CreateTimeQuizForModule1" time="24.060" classname="testCases.TS1_CourseCreation"/>
  <testcase name="testStep_CreateUngradedSurveyQuizForModule1" time="23.989" classname="testCases.TS1_CourseCreation"/>
  <testcase name="testStep10_CreateExpiredQuizForModule1" time="29.653" classname="testCases.TS1_CourseCreation"/>
  <testcase name="testStep_CreateFutureQuizForModule1" time="28.804" classname="testCases.TS1_CourseCreation"/>
  <testcase name="testStep9_CreateTextHeaderForModule2" time="4.033" classname="testCases.TS1_CourseCreation"/>
  <testcase name="testStep_ExternalURLtForModule1" time="9.761" classname="testCases.TS1_CourseCreation"/>
  <testcase name="testStep8_CreateAssignmentForModule2" time="27.358" classname="testCases.TS1_CourseCreation"/>
  <testcase name="testStep11_CreateFileForModule2" time="6.090" classname="testCases.TS1_CourseCreation"/>
  <testcase name="testStep_CreateDiscussionForModule2" time="5.920" classname="testCases.TS1_CourseCreation"/>
</testsuite> <!-- testCases.TS1_CourseCreation -->
